[debug] [2022-10-21T08:37:15.090Z] ----------------------------------------------------------------------
[debug] [2022-10-21T08:37:15.091Z] Command:       /usr/local/bin/node /usr/local/bin/firebase init
[debug] [2022-10-21T08:37:15.091Z] CLI Version:   11.15.0
[debug] [2022-10-21T08:37:15.092Z] Platform:      darwin
[debug] [2022-10-21T08:37:15.092Z] Node Version:  v16.14.2
[debug] [2022-10-21T08:37:15.095Z] Time:          Fri Oct 21 2022 15:37:15 GMT+0700 (Indochina Time)
[debug] [2022-10-21T08:37:15.095Z] ----------------------------------------------------------------------
[debug] 
[debug] [2022-10-21T08:37:15.125Z] > command requires scopes: ["email","openid","https://www.googleapis.com/auth/cloudplatformprojects.readonly","https://www.googleapis.com/auth/firebase","https://www.googleapis.com/auth/cloud-platform"]
[debug] [2022-10-21T08:37:15.126Z] > authorizing via signed-in user (wjantapanya@gmail.com)
[info] 
     ######## #### ########  ######## ########     ###     ######  ########
     ##        ##  ##     ## ##       ##     ##  ##   ##  ##       ##
     ######    ##  ########  ######   ########  #########  ######  ######
     ##        ##  ##    ##  ##       ##     ## ##     ##       ## ##
     ##       #### ##     ## ######## ########  ##     ##  ######  ########

You're about to initialize a Firebase project in this directory:

  /Users/watcharajantapanya/Desktop/testfirebase

Before we get started, keep in mind:

  * You are initializing within an existing Firebase project directory

[info] 
=== Project Setup
[info] 
[info] First, let's associate this project directory with a Firebase project.
[info] You can create multiple project aliases by running firebase use --add, 
[info] but for now we'll just set up a default project.
[info] 
[debug] [2022-10-21T08:37:24.370Z] Using project from CLI flag: resume-cv-267b8
[debug] [2022-10-21T08:37:24.372Z] >>> [apiv2][query] GET https://firebase.googleapis.com/v1beta1/projects/resume-cv-267b8 [none]
[debug] [2022-10-21T08:37:24.784Z] <<< [apiv2][status] GET https://firebase.googleapis.com/v1beta1/projects/resume-cv-267b8 200
[debug] [2022-10-21T08:37:24.785Z] <<< [apiv2][body] GET https://firebase.googleapis.com/v1beta1/projects/resume-cv-267b8 {"projectId":"resume-cv-267b8","projectNumber":"816157678554","displayName":"Resume-cv","name":"projects/resume-cv-267b8","resources":{"hostingSite":"resume-cv-267b8"},"state":"ACTIVE","etag":"1_6f0cc0f4-2e0c-46b0-9bfb-38e043a8b8ed"}
[info] i  Using project resume-cv-267b8 (Resume-cv) 
[info] 
=== Hosting:github Setup
[info] 
[info] i  Didn't detect a .git folder. Assuming /Users/watcharajantapanya/Desktop/testfirebase is the project root. 
[info] i  Authorizing with GitHub to upload your service account to a GitHub repository's secrets store. 
[info] 
[info] Visit this URL on this device to log in:
[info] https://github.com/login/oauth/authorize?client_id=89cf50f02ac6aaed3484&state=610425928&redirect_uri=http%3A%2F%2Flocalhost%3A9005&scope=read%3Auser%20repo%20public_repo
[info] 
[info] Waiting for authentication...
[debug] [2022-10-21T08:39:57.649Z] >>> [apiv2][query] POST https://github.com/login/oauth/access_token [none]
[debug] [2022-10-21T08:39:57.652Z] >>> [apiv2][body] POST https://github.com/login/oauth/access_token [stream]
[debug] [2022-10-21T08:39:58.349Z] <<< [apiv2][status] POST https://github.com/login/oauth/access_token 200
[debug] [2022-10-21T08:39:58.349Z] <<< [apiv2][body] POST https://github.com/login/oauth/access_token {"access_token":"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","token_type":"bearer","scope":"read:user,repo"}
[debug] [2022-10-21T08:39:58.362Z] >>> [apiv2][query] GET https://api.github.com/user [none]
[debug] [2022-10-21T08:39:58.870Z] <<< [apiv2][status] GET https://api.github.com/user 200
[debug] [2022-10-21T08:39:58.870Z] <<< [apiv2][body] GET https://api.github.com/user {"login":"moswj01","id":25846950,"node_id":"MDQ6VXNlcjI1ODQ2OTUw","avatar_url":"https://avatars.githubusercontent.com/u/25846950?v=4","gravatar_id":"","url":"https://api.github.com/users/moswj01","html_url":"https://github.com/moswj01","followers_url":"https://api.github.com/users/moswj01/followers","following_url":"https://api.github.com/users/moswj01/following{/other_user}","gists_url":"https://api.github.com/users/moswj01/gists{/gist_id}","starred_url":"https://api.github.com/users/moswj01/starred{/owner}{/repo}","subscriptions_url":"https://api.github.com/users/moswj01/subscriptions","organizations_url":"https://api.github.com/users/moswj01/orgs","repos_url":"https://api.github.com/users/moswj01/repos","events_url":"https://api.github.com/users/moswj01/events{/privacy}","received_events_url":"https://api.github.com/users/moswj01/received_events","type":"User","site_admin":false,"name":"วัชระ จันทปัญญา","company":"WJ-Dev service","blog":"mjdigitalsolutions.com","location":null,"email":"mosv.chara@gmail.com","hireable":null,"bio":null,"twitter_username":null,"public_repos":23,"public_gists":0,"followers":0,"following":0,"created_at":"2017-02-17T14:43:06Z","updated_at":"2022-10-21T08:39:53Z","private_gists":0,"total_private_repos":9,"owned_private_repos":9,"disk_usage":157038,"collaborators":7,"two_factor_authentication":false,"plan":{"name":"free","space":976562499,"collaborators":0,"private_repos":10000}}
[info] 
[info] ✔  Success! Logged into GitHub as moswj01 
[info] 
[debug] [2022-10-21T08:41:02.042Z] >>> [apiv2][query] GET https://api.github.com/repos/moswj01/actions/secrets/public-key type=owner
[debug] [2022-10-21T08:41:02.052Z] >>> [apiv2][query] GET https://api.github.com/repos///actions/secrets/public-key type=owner
[debug] [2022-10-21T08:41:02.053Z] >>> [apiv2][query] GET https://api.github.com/repos/moswj01/actions/secrets/public-key type=owner
[debug] [2022-10-21T08:41:02.463Z] <<< [apiv2][status] GET https://api.github.com/repos/moswj01/actions/secrets/public-key 404
[debug] [2022-10-21T08:41:02.463Z] <<< [apiv2][body] GET https://api.github.com/repos/moswj01/actions/secrets/public-key {"message":"Not Found","documentation_url":"https://docs.github.com/rest"}
[debug] [2022-10-21T08:41:02.489Z] <<< [apiv2][status] GET https://api.github.com/repos/moswj01/actions/secrets/public-key 404
[debug] [2022-10-21T08:41:02.489Z] <<< [apiv2][body] GET https://api.github.com/repos/moswj01/actions/secrets/public-key {"message":"Not Found","documentation_url":"https://docs.github.com/rest"}
[debug] [2022-10-21T08:41:02.747Z] <<< [apiv2][status] GET https://api.github.com/repos///actions/secrets/public-key 404
[debug] [2022-10-21T08:41:02.747Z] <<< [apiv2][body] GET https://api.github.com/repos///actions/secrets/public-key {"message":"Not Found","documentation_url":"https://docs.github.com/rest"}
[debug] [2022-10-21T08:41:05.095Z] >>> [apiv2][query] GET https://api.github.com/repos/moswj01moswj01//actions/secrets/public-key type=owner
[debug] [2022-10-21T08:41:05.499Z] <<< [apiv2][status] GET https://api.github.com/repos/moswj01moswj01//actions/secrets/public-key 404
[debug] [2022-10-21T08:41:05.499Z] <<< [apiv2][body] GET https://api.github.com/repos/moswj01moswj01//actions/secrets/public-key {"message":"Not Found","documentation_url":"https://docs.github.com/rest"}
[debug] [2022-10-21T08:41:06.804Z] >>> [apiv2][query] GET https://api.github.com/repos/moswj01moswj01//actions/secrets/public-key type=owner
[debug] [2022-10-21T08:41:07.198Z] <<< [apiv2][status] GET https://api.github.com/repos/moswj01moswj01//actions/secrets/public-key 404
[debug] [2022-10-21T08:41:07.199Z] <<< [apiv2][body] GET https://api.github.com/repos/moswj01moswj01//actions/secrets/public-key {"message":"Not Found","documentation_url":"https://docs.github.com/rest"}
[debug] [2022-10-21T08:41:13.750Z] >>> [apiv2][query] GET https://api.github.com/repos/moswj01/actions/secrets/public-key type=owner
[debug] [2022-10-21T08:41:14.164Z] <<< [apiv2][status] GET https://api.github.com/repos/moswj01/actions/secrets/public-key 404
[debug] [2022-10-21T08:41:14.164Z] <<< [apiv2][body] GET https://api.github.com/repos/moswj01/actions/secrets/public-key {"message":"Not Found","documentation_url":"https://docs.github.com/rest"}
[debug] [2022-10-21T08:41:14.981Z] >>> [apiv2][query] GET https://api.github.com/repos/moswj01/actions/secrets/public-key type=owner
[debug] [2022-10-21T08:41:15.394Z] <<< [apiv2][status] GET https://api.github.com/repos/moswj01/actions/secrets/public-key 404
[debug] [2022-10-21T08:41:15.394Z] <<< [apiv2][body] GET https://api.github.com/repos/moswj01/actions/secrets/public-key {"message":"Not Found","documentation_url":"https://docs.github.com/rest"}
[debug] [2022-10-21T08:41:15.454Z] >>> [apiv2][query] GET https://api.github.com/repos/moswj01/actions/secrets/public-key type=owner
[debug] [2022-10-21T08:41:15.708Z] >>> [apiv2][query] GET https://api.github.com/repos//actions/secrets/public-key type=owner
[debug] [2022-10-21T08:41:15.862Z] <<< [apiv2][status] GET https://api.github.com/repos/moswj01/actions/secrets/public-key 404
[debug] [2022-10-21T08:41:15.862Z] <<< [apiv2][body] GET https://api.github.com/repos/moswj01/actions/secrets/public-key {"message":"Not Found","documentation_url":"https://docs.github.com/rest"}
[debug] [2022-10-21T08:41:15.951Z] >>> [apiv2][query] GET https://api.github.com/repos/moswj01/actions/secrets/public-key type=owner
[debug] [2022-10-21T08:41:16.108Z] <<< [apiv2][status] GET https://api.github.com/repos//actions/secrets/public-key 404
[debug] [2022-10-21T08:41:16.108Z] <<< [apiv2][body] GET https://api.github.com/repos//actions/secrets/public-key {"message":"Not Found","documentation_url":"https://docs.github.com/rest"}
[debug] [2022-10-21T08:41:16.352Z] <<< [apiv2][status] GET https://api.github.com/repos/moswj01/actions/secrets/public-key 404
[debug] [2022-10-21T08:41:16.352Z] <<< [apiv2][body] GET https://api.github.com/repos/moswj01/actions/secrets/public-key {"message":"Not Found","documentation_url":"https://docs.github.com/rest"}
[debug] [2022-10-21T08:41:16.520Z] >>> [apiv2][query] GET https://api.github.com/repos/moswj01/actions/secrets/public-key type=owner
[debug] [2022-10-21T08:41:16.708Z] >>> [apiv2][query] GET https://api.github.com/repos//actions/secrets/public-key type=owner
[debug] [2022-10-21T08:41:16.923Z] <<< [apiv2][status] GET https://api.github.com/repos/moswj01/actions/secrets/public-key 404
[debug] [2022-10-21T08:41:16.923Z] <<< [apiv2][body] GET https://api.github.com/repos/moswj01/actions/secrets/public-key {"message":"Not Found","documentation_url":"https://docs.github.com/rest"}
[debug] [2022-10-21T08:41:17.012Z] >>> [apiv2][query] GET https://api.github.com/repos/moswj01/actions/secrets/public-key type=owner
[debug] [2022-10-21T08:41:17.101Z] <<< [apiv2][status] GET https://api.github.com/repos//actions/secrets/public-key 404
[debug] [2022-10-21T08:41:17.101Z] <<< [apiv2][body] GET https://api.github.com/repos//actions/secrets/public-key {"message":"Not Found","documentation_url":"https://docs.github.com/rest"}
[debug] [2022-10-21T08:41:17.284Z] >>> [apiv2][query] GET https://api.github.com/repos//actions/secrets/public-key type=owner
[debug] [2022-10-21T08:41:17.418Z] <<< [apiv2][status] GET https://api.github.com/repos/moswj01/actions/secrets/public-key 404
[debug] [2022-10-21T08:41:17.419Z] <<< [apiv2][body] GET https://api.github.com/repos/moswj01/actions/secrets/public-key {"message":"Not Found","documentation_url":"https://docs.github.com/rest"}
[debug] [2022-10-21T08:41:17.679Z] <<< [apiv2][status] GET https://api.github.com/repos//actions/secrets/public-key 404
[debug] [2022-10-21T08:41:17.680Z] <<< [apiv2][body] GET https://api.github.com/repos//actions/secrets/public-key {"message":"Not Found","documentation_url":"https://docs.github.com/rest"}
[debug] [2022-10-21T08:41:18.024Z] >>> [apiv2][query] GET https://api.github.com/repos/moswj01/actions/secrets/public-key type=owner
[debug] [2022-10-21T08:41:18.277Z] >>> [apiv2][query] GET https://api.github.com/repos//actions/secrets/public-key type=owner
[debug] [2022-10-21T08:41:18.429Z] <<< [apiv2][status] GET https://api.github.com/repos/moswj01/actions/secrets/public-key 404
[debug] [2022-10-21T08:41:18.429Z] <<< [apiv2][body] GET https://api.github.com/repos/moswj01/actions/secrets/public-key {"message":"Not Found","documentation_url":"https://docs.github.com/rest"}
[debug] [2022-10-21T08:41:18.674Z] <<< [apiv2][status] GET https://api.github.com/repos//actions/secrets/public-key 404
[debug] [2022-10-21T08:41:18.675Z] <<< [apiv2][body] GET https://api.github.com/repos//actions/secrets/public-key {"message":"Not Found","documentation_url":"https://docs.github.com/rest"}
